  Library system.cpp
C:\Users\visne\OneDrive\Documents\Library system\Repo folder\Library system.cpp(47,32): error C2065: 'Book': undeclared identifier
C:\Users\visne\OneDrive\Documents\Library system\Repo folder\Library system.cpp(47,25): error C2923: 'std::vector': 'Book' is not a valid template type argument for parameter '_Ty'
      C:\Users\visne\OneDrive\Documents\Library system\Repo folder\Library system.cpp(47,32):
      see declaration of 'Book'
  
C:\Users\visne\OneDrive\Documents\Library system\Repo folder\Library system.cpp(47,25): error C2976: 'std::vector': too few template arguments
      C:\Program Files\Microsoft Visual Studio\18\Community\VC\Tools\MSVC\14.50.35717\include\vector(442,7):
      see declaration of 'std::vector'
  
C:\Users\visne\OneDrive\Documents\Library system\Repo folder\Library system.cpp(47,39): error C2955: 'std::vector': use of class template requires template argument list
      C:\Program Files\Microsoft Visual Studio\18\Community\VC\Tools\MSVC\14.50.35717\include\vector(442,7):
      see declaration of 'std::vector'
  
C:\Users\visne\OneDrive\Documents\Library system\Repo folder\Library system.cpp(64,32): error C2065: 'Book': undeclared identifier
C:\Users\visne\OneDrive\Documents\Library system\Repo folder\Library system.cpp(64,25): error C2923: 'std::vector': 'Book' is not a valid template type argument for parameter '_Ty'
      C:\Users\visne\OneDrive\Documents\Library system\Repo folder\Library system.cpp(64,32):
      see declaration of 'Book'
  
C:\Users\visne\OneDrive\Documents\Library system\Repo folder\Library system.cpp(64,25): error C2976: 'std::vector': too few template arguments
      C:\Program Files\Microsoft Visual Studio\18\Community\VC\Tools\MSVC\14.50.35717\include\vector(442,7):
      see declaration of 'std::vector'
  
C:\Users\visne\OneDrive\Documents\Library system\Repo folder\Library system.cpp(64,39): error C2955: 'std::vector': use of class template requires template argument list
      C:\Program Files\Microsoft Visual Studio\18\Community\VC\Tools\MSVC\14.50.35717\include\vector(442,7):
      see declaration of 'std::vector'
  
C:\Users\visne\OneDrive\Documents\Library system\Repo folder\Library system.cpp(87,32): error C2065: 'Book': undeclared identifier
C:\Users\visne\OneDrive\Documents\Library system\Repo folder\Library system.cpp(87,25): error C2923: 'std::vector': 'Book' is not a valid template type argument for parameter '_Ty'
      C:\Users\visne\OneDrive\Documents\Library system\Repo folder\Library system.cpp(87,32):
      see declaration of 'Book'
  
C:\Users\visne\OneDrive\Documents\Library system\Repo folder\Library system.cpp(87,25): error C2976: 'std::vector': too few template arguments
      C:\Program Files\Microsoft Visual Studio\18\Community\VC\Tools\MSVC\14.50.35717\include\vector(442,7):
      see declaration of 'std::vector'
  
C:\Users\visne\OneDrive\Documents\Library system\Repo folder\Library system.cpp(87,39): error C2955: 'std::vector': use of class template requires template argument list
      C:\Program Files\Microsoft Visual Studio\18\Community\VC\Tools\MSVC\14.50.35717\include\vector(442,7):
      see declaration of 'std::vector'
  
C:\Users\visne\OneDrive\Documents\Library system\Repo folder\Library system.cpp(103,33): error C2065: 'Book': undeclared identifier
C:\Users\visne\OneDrive\Documents\Library system\Repo folder\Library system.cpp(103,26): error C2923: 'std::vector': 'Book' is not a valid template type argument for parameter '_Ty'
      C:\Users\visne\OneDrive\Documents\Library system\Repo folder\Library system.cpp(103,33):
      see declaration of 'Book'
  
C:\Users\visne\OneDrive\Documents\Library system\Repo folder\Library system.cpp(103,26): error C2976: 'std::vector': too few template arguments
      C:\Program Files\Microsoft Visual Studio\18\Community\VC\Tools\MSVC\14.50.35717\include\vector(442,7):
      see declaration of 'std::vector'
  
C:\Users\visne\OneDrive\Documents\Library system\Repo folder\Library system.cpp(103,40): error C2955: 'std::vector': use of class template requires template argument list
      C:\Program Files\Microsoft Visual Studio\18\Community\VC\Tools\MSVC\14.50.35717\include\vector(442,7):
      see declaration of 'std::vector'
  
C:\Users\visne\OneDrive\Documents\Library system\Repo folder\Library system.cpp(120,40): error C2065: 'Book': undeclared identifier
C:\Users\visne\OneDrive\Documents\Library system\Repo folder\Library system.cpp(120,33): error C2923: 'std::vector': 'Book' is not a valid template type argument for parameter '_Ty'
      C:\Users\visne\OneDrive\Documents\Library system\Repo folder\Library system.cpp(120,40):
      see declaration of 'Book'
  
C:\Users\visne\OneDrive\Documents\Library system\Repo folder\Library system.cpp(120,33): error C2976: 'std::vector': too few template arguments
      C:\Program Files\Microsoft Visual Studio\18\Community\VC\Tools\MSVC\14.50.35717\include\vector(442,7):
      see declaration of 'std::vector'
  
C:\Users\visne\OneDrive\Documents\Library system\Repo folder\Library system.cpp(120,47): error C2955: 'std::vector': use of class template requires template argument list
      C:\Program Files\Microsoft Visual Studio\18\Community\VC\Tools\MSVC\14.50.35717\include\vector(442,7):
      see declaration of 'std::vector'
  
C:\Users\visne\OneDrive\Documents\Library system\Repo folder\Library system.cpp(53,38): error C2662: 'allocator_traits<allocator_traits<_Alloc>::rebind_alloc<_Ty>>::size_type std::vector<_Ty,_Alloc>::size(void) noexcept const': cannot convert 'this' pointer from 'std::vector' to 'const std::vector<_Ty,_Alloc> &'
      C:\Users\visne\OneDrive\Documents\Library system\Repo folder\Library system.cpp(53,32):
      Reason: cannot convert from 'std::vector' to 'const std::vector<_Ty,_Alloc>'
      C:\Users\visne\OneDrive\Documents\Library system\Repo folder\Library system.cpp(53,32):
      Conversion requires a second user-defined-conversion operator or constructor
      C:\Program Files\Microsoft Visual Studio\18\Community\VC\Tools\MSVC\14.50.35717\include\vector(1913,39):
      see declaration of 'std::vector<_Ty,_Alloc>::size'
      C:\Users\visne\OneDrive\Documents\Library system\Repo folder\Library system.cpp(53,38):
      while trying to match the argument list '()'
  
C:\Users\visne\OneDrive\Documents\Library system\Repo folder\Library system.cpp(54,21): error C2678: binary '[': no operator found which takes a left-hand operand of type 'std::vector' (or there is no acceptable conversion)
      C:\Program Files\Microsoft Visual Studio\18\Community\VC\Tools\MSVC\14.50.35717\include\vector(1937,40):
      could be 'const _Ty &std::vector<_Ty,_Alloc>::operator [](const allocator_traits<allocator_traits<_Alloc>::rebind_alloc<_Ty>>::size_type) noexcept const'
          C:\Users\visne\OneDrive\Documents\Library system\Repo folder\Library system.cpp(54,21):
          'const _Ty &std::vector<_Ty,_Alloc>::operator [](const allocator_traits<allocator_traits<_Alloc>::rebind_alloc<_Ty>>::size_type) noexcept const': cannot convert 'this' pointer from 'std::vector' to 'const std::vector<_Ty,_Alloc> &'
              C:\Users\visne\OneDrive\Documents\Library system\Repo folder\Library system.cpp(54,21):
              Reason: cannot convert from 'std::vector' to 'const std::vector<_Ty,_Alloc>'
              C:\Users\visne\OneDrive\Documents\Library system\Repo folder\Library system.cpp(54,21):
              Conversion requires a second user-defined-conversion operator or constructor
      C:\Program Files\Microsoft Visual Studio\18\Community\VC\Tools\MSVC\14.50.35717\include\vector(1927,34):
      or       '_Ty &std::vector<_Ty,_Alloc>::operator [](const allocator_traits<allocator_traits<_Alloc>::rebind_alloc<_Ty>>::size_type) noexcept'
          C:\Users\visne\OneDrive\Documents\Library system\Repo folder\Library system.cpp(54,21):
          '_Ty &std::vector<_Ty,_Alloc>::operator [](const allocator_traits<allocator_traits<_Alloc>::rebind_alloc<_Ty>>::size_type) noexcept': cannot convert 'this' pointer from 'std::vector' to 'std::vector<_Ty,_Alloc> &'
              C:\Users\visne\OneDrive\Documents\Library system\Repo folder\Library system.cpp(54,21):
              Reason: cannot convert from 'std::vector' to 'std::vector<_Ty,_Alloc>'
              C:\Users\visne\OneDrive\Documents\Library system\Repo folder\Library system.cpp(54,21):
              Conversion requires a second user-defined-conversion operator or constructor
      C:\Users\visne\OneDrive\Documents\Library system\Repo folder\Library system.cpp(54,21):
      while trying to match the argument list '(std::vector, int)'
  
C:\Users\visne\OneDrive\Documents\Library system\Repo folder\Library system.cpp(55,21): error C2678: binary '[': no operator found which takes a left-hand operand of type 'std::vector' (or there is no acceptable conversion)
      C:\Program Files\Microsoft Visual Studio\18\Community\VC\Tools\MSVC\14.50.35717\include\vector(1937,40):
      could be 'const _Ty &std::vector<_Ty,_Alloc>::operator [](const allocator_traits<allocator_traits<_Alloc>::rebind_alloc<_Ty>>::size_type) noexcept const'
          C:\Users\visne\OneDrive\Documents\Library system\Repo folder\Library system.cpp(55,21):
          'const _Ty &std::vector<_Ty,_Alloc>::operator [](const allocator_traits<allocator_traits<_Alloc>::rebind_alloc<_Ty>>::size_type) noexcept const': cannot convert 'this' pointer from 'std::vector' to 'const std::vector<_Ty,_Alloc> &'
              C:\Users\visne\OneDrive\Documents\Library system\Repo folder\Library system.cpp(55,21):
              Reason: cannot convert from 'std::vector' to 'const std::vector<_Ty,_Alloc>'
              C:\Users\visne\OneDrive\Documents\Library system\Repo folder\Library system.cpp(55,21):
              Conversion requires a second user-defined-conversion operator or constructor
      C:\Program Files\Microsoft Visual Studio\18\Community\VC\Tools\MSVC\14.50.35717\include\vector(1927,34):
      or       '_Ty &std::vector<_Ty,_Alloc>::operator [](const allocator_traits<allocator_traits<_Alloc>::rebind_alloc<_Ty>>::size_type) noexcept'
          C:\Users\visne\OneDrive\Documents\Library system\Repo folder\Library system.cpp(55,21):
          '_Ty &std::vector<_Ty,_Alloc>::operator [](const allocator_traits<allocator_traits<_Alloc>::rebind_alloc<_Ty>>::size_type) noexcept': cannot convert 'this' pointer from 'std::vector' to 'std::vector<_Ty,_Alloc> &'
              C:\Users\visne\OneDrive\Documents\Library system\Repo folder\Library system.cpp(55,21):
              Reason: cannot convert from 'std::vector' to 'std::vector<_Ty,_Alloc>'
              C:\Users\visne\OneDrive\Documents\Library system\Repo folder\Library system.cpp(55,21):
              Conversion requires a second user-defined-conversion operator or constructor
      C:\Users\visne\OneDrive\Documents\Library system\Repo folder\Library system.cpp(55,21):
      while trying to match the argument list '(std::vector, int)'
  
C:\Users\visne\OneDrive\Documents\Library system\Repo folder\Library system.cpp(73,38): error C2662: 'allocator_traits<allocator_traits<_Alloc>::rebind_alloc<_Ty>>::size_type std::vector<_Ty,_Alloc>::size(void) noexcept const': cannot convert 'this' pointer from 'std::vector' to 'const std::vector<_Ty,_Alloc> &'
      C:\Users\visne\OneDrive\Documents\Library system\Repo folder\Library system.cpp(73,32):
      Reason: cannot convert from 'std::vector' to 'const std::vector<_Ty,_Alloc>'
      C:\Users\visne\OneDrive\Documents\Library system\Repo folder\Library system.cpp(73,32):
      Conversion requires a second user-defined-conversion operator or constructor
      C:\Program Files\Microsoft Visual Studio\18\Community\VC\Tools\MSVC\14.50.35717\include\vector(1913,39):
      see declaration of 'std::vector<_Ty,_Alloc>::size'
      C:\Users\visne\OneDrive\Documents\Library system\Repo folder\Library system.cpp(73,38):
      while trying to match the argument list '()'
  
C:\Users\visne\OneDrive\Documents\Library system\Repo folder\Library system.cpp(74,20): error C2678: binary '[': no operator found which takes a left-hand operand of type 'std::vector' (or there is no acceptable conversion)
      C:\Program Files\Microsoft Visual Studio\18\Community\VC\Tools\MSVC\14.50.35717\include\vector(1937,40):
      could be 'const _Ty &std::vector<_Ty,_Alloc>::operator [](const allocator_traits<allocator_traits<_Alloc>::rebind_alloc<_Ty>>::size_type) noexcept const'
          C:\Users\visne\OneDrive\Documents\Library system\Repo folder\Library system.cpp(74,20):
          'const _Ty &std::vector<_Ty,_Alloc>::operator [](const allocator_traits<allocator_traits<_Alloc>::rebind_alloc<_Ty>>::size_type) noexcept const': cannot convert 'this' pointer from 'std::vector' to 'const std::vector<_Ty,_Alloc> &'
              C:\Users\visne\OneDrive\Documents\Library system\Repo folder\Library system.cpp(74,20):
              Reason: cannot convert from 'std::vector' to 'const std::vector<_Ty,_Alloc>'
              C:\Users\visne\OneDrive\Documents\Library system\Repo folder\Library system.cpp(74,20):
              Conversion requires a second user-defined-conversion operator or constructor
      C:\Program Files\Microsoft Visual Studio\18\Community\VC\Tools\MSVC\14.50.35717\include\vector(1927,34):
      or       '_Ty &std::vector<_Ty,_Alloc>::operator [](const allocator_traits<allocator_traits<_Alloc>::rebind_alloc<_Ty>>::size_type) noexcept'
          C:\Users\visne\OneDrive\Documents\Library system\Repo folder\Library system.cpp(74,20):
          '_Ty &std::vector<_Ty,_Alloc>::operator [](const allocator_traits<allocator_traits<_Alloc>::rebind_alloc<_Ty>>::size_type) noexcept': cannot convert 'this' pointer from 'std::vector' to 'std::vector<_Ty,_Alloc> &'
              C:\Users\visne\OneDrive\Documents\Library system\Repo folder\Library system.cpp(74,20):
              Reason: cannot convert from 'std::vector' to 'std::vector<_Ty,_Alloc>'
              C:\Users\visne\OneDrive\Documents\Library system\Repo folder\Library system.cpp(74,20):
              Conversion requires a second user-defined-conversion operator or constructor
      C:\Users\visne\OneDrive\Documents\Library system\Repo folder\Library system.cpp(74,20):
      while trying to match the argument list '(std::vector, int)'
  
C:\Users\visne\OneDrive\Documents\Library system\Repo folder\Library system.cpp(74,50): error C2678: binary '[': no operator found which takes a left-hand operand of type 'std::vector' (or there is no acceptable conversion)
      C:\Program Files\Microsoft Visual Studio\18\Community\VC\Tools\MSVC\14.50.35717\include\vector(1937,40):
      could be 'const _Ty &std::vector<_Ty,_Alloc>::operator [](const allocator_traits<allocator_traits<_Alloc>::rebind_alloc<_Ty>>::size_type) noexcept const'
          C:\Users\visne\OneDrive\Documents\Library system\Repo folder\Library system.cpp(74,50):
          'const _Ty &std::vector<_Ty,_Alloc>::operator [](const allocator_traits<allocator_traits<_Alloc>::rebind_alloc<_Ty>>::size_type) noexcept const': cannot convert 'this' pointer from 'std::vector' to 'const std::vector<_Ty,_Alloc> &'
              C:\Users\visne\OneDrive\Documents\Library system\Repo folder\Library system.cpp(74,50):
              Reason: cannot convert from 'std::vector' to 'const std::vector<_Ty,_Alloc>'
              C:\Users\visne\OneDrive\Documents\Library system\Repo folder\Library system.cpp(74,50):
              Conversion requires a second user-defined-conversion operator or constructor
      C:\Program Files\Microsoft Visual Studio\18\Community\VC\Tools\MSVC\14.50.35717\include\vector(1927,34):
      or       '_Ty &std::vector<_Ty,_Alloc>::operator [](const allocator_traits<allocator_traits<_Alloc>::rebind_alloc<_Ty>>::size_type) noexcept'
          C:\Users\visne\OneDrive\Documents\Library system\Repo folder\Library system.cpp(74,50):
          '_Ty &std::vector<_Ty,_Alloc>::operator [](const allocator_traits<allocator_traits<_Alloc>::rebind_alloc<_Ty>>::size_type) noexcept': cannot convert 'this' pointer from 'std::vector' to 'std::vector<_Ty,_Alloc> &'
              C:\Users\visne\OneDrive\Documents\Library system\Repo folder\Library system.cpp(74,50):
              Reason: cannot convert from 'std::vector' to 'std::vector<_Ty,_Alloc>'
              C:\Users\visne\OneDrive\Documents\Library system\Repo folder\Library system.cpp(74,50):
              Conversion requires a second user-defined-conversion operator or constructor
      C:\Users\visne\OneDrive\Documents\Library system\Repo folder\Library system.cpp(74,50):
      while trying to match the argument list '(std::vector, int)'
  
C:\Users\visne\OneDrive\Documents\Library system\Repo folder\Library system.cpp(76,17): error C2678: binary '[': no operator found which takes a left-hand operand of type 'std::vector' (or there is no acceptable conversion)
      C:\Program Files\Microsoft Visual Studio\18\Community\VC\Tools\MSVC\14.50.35717\include\vector(1937,40):
      could be 'const _Ty &std::vector<_Ty,_Alloc>::operator [](const allocator_traits<allocator_traits<_Alloc>::rebind_alloc<_Ty>>::size_type) noexcept const'
          C:\Users\visne\OneDrive\Documents\Library system\Repo folder\Library system.cpp(76,17):
          'const _Ty &std::vector<_Ty,_Alloc>::operator [](const allocator_traits<allocator_traits<_Alloc>::rebind_alloc<_Ty>>::size_type) noexcept const': cannot convert 'this' pointer from 'std::vector' to 'const std::vector<_Ty,_Alloc> &'
              C:\Users\visne\OneDrive\Documents\Library system\Repo folder\Library system.cpp(76,17):
              Reason: cannot convert from 'std::vector' to 'const std::vector<_Ty,_Alloc>'
              C:\Users\visne\OneDrive\Documents\Library system\Repo folder\Library system.cpp(76,17):
              Conversion requires a second user-defined-conversion operator or constructor
      C:\Program Files\Microsoft Visual Studio\18\Community\VC\Tools\MSVC\14.50.35717\include\vector(1927,34):
      or       '_Ty &std::vector<_Ty,_Alloc>::operator [](const allocator_traits<allocator_traits<_Alloc>::rebind_alloc<_Ty>>::size_type) noexcept'
          C:\Users\visne\OneDrive\Documents\Library system\Repo folder\Library system.cpp(76,17):
          '_Ty &std::vector<_Ty,_Alloc>::operator [](const allocator_traits<allocator_traits<_Alloc>::rebind_alloc<_Ty>>::size_type) noexcept': cannot convert 'this' pointer from 'std::vector' to 'std::vector<_Ty,_Alloc> &'
              C:\Users\visne\OneDrive\Documents\Library system\Repo folder\Library system.cpp(76,17):
              Reason: cannot convert from 'std::vector' to 'std::vector<_Ty,_Alloc>'
              C:\Users\visne\OneDrive\Documents\Library system\Repo folder\Library system.cpp(76,17):
              Conversion requires a second user-defined-conversion operator or constructor
      C:\Users\visne\OneDrive\Documents\Library system\Repo folder\Library system.cpp(76,17):
      while trying to match the argument list '(std::vector, int)'
  
C:\Users\visne\OneDrive\Documents\Library system\Repo folder\Library system.cpp(77,17): error C2678: binary '[': no operator found which takes a left-hand operand of type 'std::vector' (or there is no acceptable conversion)
      C:\Program Files\Microsoft Visual Studio\18\Community\VC\Tools\MSVC\14.50.35717\include\vector(1937,40):
      could be 'const _Ty &std::vector<_Ty,_Alloc>::operator [](const allocator_traits<allocator_traits<_Alloc>::rebind_alloc<_Ty>>::size_type) noexcept const'
          C:\Users\visne\OneDrive\Documents\Library system\Repo folder\Library system.cpp(77,17):
          'const _Ty &std::vector<_Ty,_Alloc>::operator [](const allocator_traits<allocator_traits<_Alloc>::rebind_alloc<_Ty>>::size_type) noexcept const': cannot convert 'this' pointer from 'std::vector' to 'const std::vector<_Ty,_Alloc> &'
              C:\Users\visne\OneDrive\Documents\Library system\Repo folder\Library system.cpp(77,17):
              Reason: cannot convert from 'std::vector' to 'const std::vector<_Ty,_Alloc>'
              C:\Users\visne\OneDrive\Documents\Library system\Repo folder\Library system.cpp(77,17):
              Conversion requires a second user-defined-conversion operator or constructor
      C:\Program Files\Microsoft Visual Studio\18\Community\VC\Tools\MSVC\14.50.35717\include\vector(1927,34):
      or       '_Ty &std::vector<_Ty,_Alloc>::operator [](const allocator_traits<allocator_traits<_Alloc>::rebind_alloc<_Ty>>::size_type) noexcept'
          C:\Users\visne\OneDrive\Documents\Library system\Repo folder\Library system.cpp(77,17):
          '_Ty &std::vector<_Ty,_Alloc>::operator [](const allocator_traits<allocator_traits<_Alloc>::rebind_alloc<_Ty>>::size_type) noexcept': cannot convert 'this' pointer from 'std::vector' to 'std::vector<_Ty,_Alloc> &'
              C:\Users\visne\OneDrive\Documents\Library system\Repo folder\Library system.cpp(77,17):
              Reason: cannot convert from 'std::vector' to 'std::vector<_Ty,_Alloc>'
              C:\Users\visne\OneDrive\Documents\Library system\Repo folder\Library system.cpp(77,17):
              Conversion requires a second user-defined-conversion operator or constructor
      C:\Users\visne\OneDrive\Documents\Library system\Repo folder\Library system.cpp(77,17):
      while trying to match the argument list '(std::vector, int)'
  
C:\Users\visne\OneDrive\Documents\Library system\Repo folder\Library system.cpp(92,33): error C2662: 'allocator_traits<allocator_traits<_Alloc>::rebind_alloc<_Ty>>::size_type std::vector<_Ty,_Alloc>::size(void) noexcept const': cannot convert 'this' pointer from 'std::vector' to 'const std::vector<_Ty,_Alloc> &'
      C:\Users\visne\OneDrive\Documents\Library system\Repo folder\Library system.cpp(92,27):
      Reason: cannot convert from 'std::vector' to 'const std::vector<_Ty,_Alloc>'
      C:\Users\visne\OneDrive\Documents\Library system\Repo folder\Library system.cpp(92,27):
      Conversion requires a second user-defined-conversion operator or constructor
      C:\Program Files\Microsoft Visual Studio\18\Community\VC\Tools\MSVC\14.50.35717\include\vector(1913,39):
      see declaration of 'std::vector<_Ty,_Alloc>::size'
      C:\Users\visne\OneDrive\Documents\Library system\Repo folder\Library system.cpp(92,33):
      while trying to match the argument list '()'
  
C:\Users\visne\OneDrive\Documents\Library system\Repo folder\Library system.cpp(93,18): error C2678: binary '[': no operator found which takes a left-hand operand of type 'std::vector' (or there is no acceptable conversion)
      C:\Program Files\Microsoft Visual Studio\18\Community\VC\Tools\MSVC\14.50.35717\include\vector(1937,40):
      could be 'const _Ty &std::vector<_Ty,_Alloc>::operator [](const allocator_traits<allocator_traits<_Alloc>::rebind_alloc<_Ty>>::size_type) noexcept const'
          C:\Users\visne\OneDrive\Documents\Library system\Repo folder\Library system.cpp(93,18):
          'const _Ty &std::vector<_Ty,_Alloc>::operator [](const allocator_traits<allocator_traits<_Alloc>::rebind_alloc<_Ty>>::size_type) noexcept const': cannot convert 'this' pointer from 'std::vector' to 'const std::vector<_Ty,_Alloc> &'
              C:\Users\visne\OneDrive\Documents\Library system\Repo folder\Library system.cpp(93,18):
              Reason: cannot convert from 'std::vector' to 'const std::vector<_Ty,_Alloc>'
              C:\Users\visne\OneDrive\Documents\Library system\Repo folder\Library system.cpp(93,18):
              Conversion requires a second user-defined-conversion operator or constructor
      C:\Program Files\Microsoft Visual Studio\18\Community\VC\Tools\MSVC\14.50.35717\include\vector(1927,34):
      or       '_Ty &std::vector<_Ty,_Alloc>::operator [](const allocator_traits<allocator_traits<_Alloc>::rebind_alloc<_Ty>>::size_type) noexcept'
          C:\Users\visne\OneDrive\Documents\Library system\Repo folder\Library system.cpp(93,18):
          '_Ty &std::vector<_Ty,_Alloc>::operator [](const allocator_traits<allocator_traits<_Alloc>::rebind_alloc<_Ty>>::size_type) noexcept': cannot convert 'this' pointer from 'std::vector' to 'std::vector<_Ty,_Alloc> &'
              C:\Users\visne\OneDrive\Documents\Library system\Repo folder\Library system.cpp(93,18):
              Reason: cannot convert from 'std::vector' to 'std::vector<_Ty,_Alloc>'
              C:\Users\visne\OneDrive\Documents\Library system\Repo folder\Library system.cpp(93,18):
              Conversion requires a second user-defined-conversion operator or constructor
      C:\Users\visne\OneDrive\Documents\Library system\Repo folder\Library system.cpp(93,18):
      while trying to match the argument list '(std::vector, int)'
  
C:\Users\visne\OneDrive\Documents\Library system\Repo folder\Library system.cpp(93,46): error C2678: binary '[': no operator found which takes a left-hand operand of type 'std::vector' (or there is no acceptable conversion)
      C:\Program Files\Microsoft Visual Studio\18\Community\VC\Tools\MSVC\14.50.35717\include\vector(1937,40):
      could be 'const _Ty &std::vector<_Ty,_Alloc>::operator [](const allocator_traits<allocator_traits<_Alloc>::rebind_alloc<_Ty>>::size_type) noexcept const'
          C:\Users\visne\OneDrive\Documents\Library system\Repo folder\Library system.cpp(93,46):
          'const _Ty &std::vector<_Ty,_Alloc>::operator [](const allocator_traits<allocator_traits<_Alloc>::rebind_alloc<_Ty>>::size_type) noexcept const': cannot convert 'this' pointer from 'std::vector' to 'const std::vector<_Ty,_Alloc> &'
              C:\Users\visne\OneDrive\Documents\Library system\Repo folder\Library system.cpp(93,46):
              Reason: cannot convert from 'std::vector' to 'const std::vector<_Ty,_Alloc>'
              C:\Users\visne\OneDrive\Documents\Library system\Repo folder\Library system.cpp(93,46):
              Conversion requires a second user-defined-conversion operator or constructor
      C:\Program Files\Microsoft Visual Studio\18\Community\VC\Tools\MSVC\14.50.35717\include\vector(1927,34):
      or       '_Ty &std::vector<_Ty,_Alloc>::operator [](const allocator_traits<allocator_traits<_Alloc>::rebind_alloc<_Ty>>::size_type) noexcept'
          C:\Users\visne\OneDrive\Documents\Library system\Repo folder\Library system.cpp(93,46):
          '_Ty &std::vector<_Ty,_Alloc>::operator [](const allocator_traits<allocator_traits<_Alloc>::rebind_alloc<_Ty>>::size_type) noexcept': cannot convert 'this' pointer from 'std::vector' to 'std::vector<_Ty,_Alloc> &'
              C:\Users\visne\OneDrive\Documents\Library system\Repo folder\Library system.cpp(93,46):
              Reason: cannot convert from 'std::vector' to 'std::vector<_Ty,_Alloc>'
              C:\Users\visne\OneDrive\Documents\Library system\Repo folder\Library system.cpp(93,46):
              Conversion requires a second user-defined-conversion operator or constructor
      C:\Users\visne\OneDrive\Documents\Library system\Repo folder\Library system.cpp(93,46):
      while trying to match the argument list '(std::vector, int)'
  
C:\Users\visne\OneDrive\Documents\Library system\Repo folder\Library system.cpp(94,17): error C2678: binary '[': no operator found which takes a left-hand operand of type 'std::vector' (or there is no acceptable conversion)
      C:\Program Files\Microsoft Visual Studio\18\Community\VC\Tools\MSVC\14.50.35717\include\vector(1937,40):
      could be 'const _Ty &std::vector<_Ty,_Alloc>::operator [](const allocator_traits<allocator_traits<_Alloc>::rebind_alloc<_Ty>>::size_type) noexcept const'
          C:\Users\visne\OneDrive\Documents\Library system\Repo folder\Library system.cpp(94,17):
          'const _Ty &std::vector<_Ty,_Alloc>::operator [](const allocator_traits<allocator_traits<_Alloc>::rebind_alloc<_Ty>>::size_type) noexcept const': cannot convert 'this' pointer from 'std::vector' to 'const std::vector<_Ty,_Alloc> &'
              C:\Users\visne\OneDrive\Documents\Library system\Repo folder\Library system.cpp(94,17):
              Reason: cannot convert from 'std::vector' to 'const std::vector<_Ty,_Alloc>'
              C:\Users\visne\OneDrive\Documents\Library system\Repo folder\Library system.cpp(94,17):
              Conversion requires a second user-defined-conversion operator or constructor
      C:\Program Files\Microsoft Visual Studio\18\Community\VC\Tools\MSVC\14.50.35717\include\vector(1927,34):
      or       '_Ty &std::vector<_Ty,_Alloc>::operator [](const allocator_traits<allocator_traits<_Alloc>::rebind_alloc<_Ty>>::size_type) noexcept'
          C:\Users\visne\OneDrive\Documents\Library system\Repo folder\Library system.cpp(94,17):
          '_Ty &std::vector<_Ty,_Alloc>::operator [](const allocator_traits<allocator_traits<_Alloc>::rebind_alloc<_Ty>>::size_type) noexcept': cannot convert 'this' pointer from 'std::vector' to 'std::vector<_Ty,_Alloc> &'
              C:\Users\visne\OneDrive\Documents\Library system\Repo folder\Library system.cpp(94,17):
              Reason: cannot convert from 'std::vector' to 'std::vector<_Ty,_Alloc>'
              C:\Users\visne\OneDrive\Documents\Library system\Repo folder\Library system.cpp(94,17):
              Conversion requires a second user-defined-conversion operator or constructor
      C:\Users\visne\OneDrive\Documents\Library system\Repo folder\Library system.cpp(94,17):
      while trying to match the argument list '(std::vector, int)'
  
C:\Users\visne\OneDrive\Documents\Library system\Repo folder\Library system.cpp(108,38): error C2662: 'allocator_traits<allocator_traits<_Alloc>::rebind_alloc<_Ty>>::size_type std::vector<_Ty,_Alloc>::size(void) noexcept const': cannot convert 'this' pointer from 'std::vector' to 'const std::vector<_Ty,_Alloc> &'
      C:\Users\visne\OneDrive\Documents\Library system\Repo folder\Library system.cpp(108,32):
      Reason: cannot convert from 'std::vector' to 'const std::vector<_Ty,_Alloc>'
      C:\Users\visne\OneDrive\Documents\Library system\Repo folder\Library system.cpp(108,32):
      Conversion requires a second user-defined-conversion operator or constructor
      C:\Program Files\Microsoft Visual Studio\18\Community\VC\Tools\MSVC\14.50.35717\include\vector(1913,39):
      see declaration of 'std::vector<_Ty,_Alloc>::size'
      C:\Users\visne\OneDrive\Documents\Library system\Repo folder\Library system.cpp(108,38):
      while trying to match the argument list '()'
  
C:\Users\visne\OneDrive\Documents\Library system\Repo folder\Library system.cpp(109,21): error C2678: binary '[': no operator found which takes a left-hand operand of type 'std::vector' (or there is no acceptable conversion)
      C:\Program Files\Microsoft Visual Studio\18\Community\VC\Tools\MSVC\14.50.35717\include\vector(1937,40):
      could be 'const _Ty &std::vector<_Ty,_Alloc>::operator [](const allocator_traits<allocator_traits<_Alloc>::rebind_alloc<_Ty>>::size_type) noexcept const'
          C:\Users\visne\OneDrive\Documents\Library system\Repo folder\Library system.cpp(109,21):
          'const _Ty &std::vector<_Ty,_Alloc>::operator [](const allocator_traits<allocator_traits<_Alloc>::rebind_alloc<_Ty>>::size_type) noexcept const': cannot convert 'this' pointer from 'std::vector' to 'const std::vector<_Ty,_Alloc> &'
              C:\Users\visne\OneDrive\Documents\Library system\Repo folder\Library system.cpp(109,21):
              Reason: cannot convert from 'std::vector' to 'const std::vector<_Ty,_Alloc>'
              C:\Users\visne\OneDrive\Documents\Library system\Repo folder\Library system.cpp(109,21):
              Conversion requires a second user-defined-conversion operator or constructor
      C:\Program Files\Microsoft Visual Studio\18\Community\VC\Tools\MSVC\14.50.35717\include\vector(1927,34):
      or       '_Ty &std::vector<_Ty,_Alloc>::operator [](const allocator_traits<allocator_traits<_Alloc>::rebind_alloc<_Ty>>::size_type) noexcept'
          C:\Users\visne\OneDrive\Documents\Library system\Repo folder\Library system.cpp(109,21):
          '_Ty &std::vector<_Ty,_Alloc>::operator [](const allocator_traits<allocator_traits<_Alloc>::rebind_alloc<_Ty>>::size_type) noexcept': cannot convert 'this' pointer from 'std::vector' to 'std::vector<_Ty,_Alloc> &'
              C:\Users\visne\OneDrive\Documents\Library system\Repo folder\Library system.cpp(109,21):
              Reason: cannot convert from 'std::vector' to 'std::vector<_Ty,_Alloc>'
              C:\Users\visne\OneDrive\Documents\Library system\Repo folder\Library system.cpp(109,21):
              Conversion requires a second user-defined-conversion operator or constructor
      C:\Users\visne\OneDrive\Documents\Library system\Repo folder\Library system.cpp(109,21):
      while trying to match the argument list '(std::vector, int)'
  
C:\Users\visne\OneDrive\Documents\Library system\Repo folder\Library system.cpp(109,50): error C2678: binary '[': no operator found which takes a left-hand operand of type 'std::vector' (or there is no acceptable conversion)
      C:\Program Files\Microsoft Visual Studio\18\Community\VC\Tools\MSVC\14.50.35717\include\vector(1937,40):
      could be 'const _Ty &std::vector<_Ty,_Alloc>::operator [](const allocator_traits<allocator_traits<_Alloc>::rebind_alloc<_Ty>>::size_type) noexcept const'
          C:\Users\visne\OneDrive\Documents\Library system\Repo folder\Library system.cpp(109,50):
          'const _Ty &std::vector<_Ty,_Alloc>::operator [](const allocator_traits<allocator_traits<_Alloc>::rebind_alloc<_Ty>>::size_type) noexcept const': cannot convert 'this' pointer from 'std::vector' to 'const std::vector<_Ty,_Alloc> &'
              C:\Users\visne\OneDrive\Documents\Library system\Repo folder\Library system.cpp(109,50):
              Reason: cannot convert from 'std::vector' to 'const std::vector<_Ty,_Alloc>'
              C:\Users\visne\OneDrive\Documents\Library system\Repo folder\Library system.cpp(109,50):
              Conversion requires a second user-defined-conversion operator or constructor
      C:\Program Files\Microsoft Visual Studio\18\Community\VC\Tools\MSVC\14.50.35717\include\vector(1927,34):
      or       '_Ty &std::vector<_Ty,_Alloc>::operator [](const allocator_traits<allocator_traits<_Alloc>::rebind_alloc<_Ty>>::size_type) noexcept'
          C:\Users\visne\OneDrive\Documents\Library system\Repo folder\Library system.cpp(109,50):
          '_Ty &std::vector<_Ty,_Alloc>::operator [](const allocator_traits<allocator_traits<_Alloc>::rebind_alloc<_Ty>>::size_type) noexcept': cannot convert 'this' pointer from 'std::vector' to 'std::vector<_Ty,_Alloc> &'
              C:\Users\visne\OneDrive\Documents\Library system\Repo folder\Library system.cpp(109,50):
              Reason: cannot convert from 'std::vector' to 'std::vector<_Ty,_Alloc>'
              C:\Users\visne\OneDrive\Documents\Library system\Repo folder\Library system.cpp(109,50):
              Conversion requires a second user-defined-conversion operator or constructor
      C:\Users\visne\OneDrive\Documents\Library system\Repo folder\Library system.cpp(109,50):
      while trying to match the argument list '(std::vector, int)'
  
C:\Users\visne\OneDrive\Documents\Library system\Repo folder\Library system.cpp(110,22): error C2678: binary '[': no operator found which takes a left-hand operand of type 'std::vector' (or there is no acceptable conversion)
      C:\Program Files\Microsoft Visual Studio\18\Community\VC\Tools\MSVC\14.50.35717\include\vector(1937,40):
      could be 'const _Ty &std::vector<_Ty,_Alloc>::operator [](const allocator_traits<allocator_traits<_Alloc>::rebind_alloc<_Ty>>::size_type) noexcept const'
          C:\Users\visne\OneDrive\Documents\Library system\Repo folder\Library system.cpp(110,22):
          'const _Ty &std::vector<_Ty,_Alloc>::operator [](const allocator_traits<allocator_traits<_Alloc>::rebind_alloc<_Ty>>::size_type) noexcept const': cannot convert 'this' pointer from 'std::vector' to 'const std::vector<_Ty,_Alloc> &'
              C:\Users\visne\OneDrive\Documents\Library system\Repo folder\Library system.cpp(110,22):
              Reason: cannot convert from 'std::vector' to 'const std::vector<_Ty,_Alloc>'
              C:\Users\visne\OneDrive\Documents\Library system\Repo folder\Library system.cpp(110,22):
              Conversion requires a second user-defined-conversion operator or constructor
      C:\Program Files\Microsoft Visual Studio\18\Community\VC\Tools\MSVC\14.50.35717\include\vector(1927,34):
      or       '_Ty &std::vector<_Ty,_Alloc>::operator [](const allocator_traits<allocator_traits<_Alloc>::rebind_alloc<_Ty>>::size_type) noexcept'
          C:\Users\visne\OneDrive\Documents\Library system\Repo folder\Library system.cpp(110,22):
          '_Ty &std::vector<_Ty,_Alloc>::operator [](const allocator_traits<allocator_traits<_Alloc>::rebind_alloc<_Ty>>::size_type) noexcept': cannot convert 'this' pointer from 'std::vector' to 'std::vector<_Ty,_Alloc> &'
              C:\Users\visne\OneDrive\Documents\Library system\Repo folder\Library system.cpp(110,22):
              Reason: cannot convert from 'std::vector' to 'std::vector<_Ty,_Alloc>'
              C:\Users\visne\OneDrive\Documents\Library system\Repo folder\Library system.cpp(110,22):
              Conversion requires a second user-defined-conversion operator or constructor
      C:\Users\visne\OneDrive\Documents\Library system\Repo folder\Library system.cpp(110,22):
      while trying to match the argument list '(std::vector, int)'
  
C:\Users\visne\OneDrive\Documents\Library system\Repo folder\Library system.cpp(111,22): error C2678: binary '[': no operator found which takes a left-hand operand of type 'std::vector' (or there is no acceptable conversion)
      C:\Program Files\Microsoft Visual Studio\18\Community\VC\Tools\MSVC\14.50.35717\include\vector(1937,40):
      could be 'const _Ty &std::vector<_Ty,_Alloc>::operator [](const allocator_traits<allocator_traits<_Alloc>::rebind_alloc<_Ty>>::size_type) noexcept const'
          C:\Users\visne\OneDrive\Documents\Library system\Repo folder\Library system.cpp(111,22):
          'const _Ty &std::vector<_Ty,_Alloc>::operator [](const allocator_traits<allocator_traits<_Alloc>::rebind_alloc<_Ty>>::size_type) noexcept const': cannot convert 'this' pointer from 'std::vector' to 'const std::vector<_Ty,_Alloc> &'
              C:\Users\visne\OneDrive\Documents\Library system\Repo folder\Library system.cpp(111,22):
              Reason: cannot convert from 'std::vector' to 'const std::vector<_Ty,_Alloc>'
              C:\Users\visne\OneDrive\Documents\Library system\Repo folder\Library system.cpp(111,22):
              Conversion requires a second user-defined-conversion operator or constructor
      C:\Program Files\Microsoft Visual Studio\18\Community\VC\Tools\MSVC\14.50.35717\include\vector(1927,34):
      or       '_Ty &std::vector<_Ty,_Alloc>::operator [](const allocator_traits<allocator_traits<_Alloc>::rebind_alloc<_Ty>>::size_type) noexcept'
          C:\Users\visne\OneDrive\Documents\Library system\Repo folder\Library system.cpp(111,22):
          '_Ty &std::vector<_Ty,_Alloc>::operator [](const allocator_traits<allocator_traits<_Alloc>::rebind_alloc<_Ty>>::size_type) noexcept': cannot convert 'this' pointer from 'std::vector' to 'std::vector<_Ty,_Alloc> &'
              C:\Users\visne\OneDrive\Documents\Library system\Repo folder\Library system.cpp(111,22):
              Reason: cannot convert from 'std::vector' to 'std::vector<_Ty,_Alloc>'
              C:\Users\visne\OneDrive\Documents\Library system\Repo folder\Library system.cpp(111,22):
              Conversion requires a second user-defined-conversion operator or constructor
      C:\Users\visne\OneDrive\Documents\Library system\Repo folder\Library system.cpp(111,22):
      while trying to match the argument list '(std::vector, int)'
  
C:\Users\visne\OneDrive\Documents\Library system\Repo folder\Library system.cpp(121,39): error C2662: 'allocator_traits<allocator_traits<_Alloc>::rebind_alloc<_Ty>>::size_type std::vector<_Ty,_Alloc>::size(void) noexcept const': cannot convert 'this' pointer from 'std::vector' to 'const std::vector<_Ty,_Alloc> &'
      C:\Users\visne\OneDrive\Documents\Library system\Repo folder\Library system.cpp(121,33):
      Reason: cannot convert from 'std::vector' to 'const std::vector<_Ty,_Alloc>'
      C:\Users\visne\OneDrive\Documents\Library system\Repo folder\Library system.cpp(121,33):
      Conversion requires a second user-defined-conversion operator or constructor
      C:\Program Files\Microsoft Visual Studio\18\Community\VC\Tools\MSVC\14.50.35717\include\vector(1913,39):
      see declaration of 'std::vector<_Ty,_Alloc>::size'
      C:\Users\visne\OneDrive\Documents\Library system\Repo folder\Library system.cpp(121,39):
      while trying to match the argument list '()'
  
C:\Users\visne\OneDrive\Documents\Library system\Repo folder\Library system.cpp(122,21): error C2678: binary '[': no operator found which takes a left-hand operand of type 'std::vector' (or there is no acceptable conversion)
      C:\Program Files\Microsoft Visual Studio\18\Community\VC\Tools\MSVC\14.50.35717\include\vector(1937,40):
      could be 'const _Ty &std::vector<_Ty,_Alloc>::operator [](const allocator_traits<allocator_traits<_Alloc>::rebind_alloc<_Ty>>::size_type) noexcept const'
          C:\Users\visne\OneDrive\Documents\Library system\Repo folder\Library system.cpp(122,21):
          'const _Ty &std::vector<_Ty,_Alloc>::operator [](const allocator_traits<allocator_traits<_Alloc>::rebind_alloc<_Ty>>::size_type) noexcept const': cannot convert 'this' pointer from 'std::vector' to 'const std::vector<_Ty,_Alloc> &'
              C:\Users\visne\OneDrive\Documents\Library system\Repo folder\Library system.cpp(122,21):
              Reason: cannot convert from 'std::vector' to 'const std::vector<_Ty,_Alloc>'
              C:\Users\visne\OneDrive\Documents\Library system\Repo folder\Library system.cpp(122,21):
              Conversion requires a second user-defined-conversion operator or constructor
      C:\Program Files\Microsoft Visual Studio\18\Community\VC\Tools\MSVC\14.50.35717\include\vector(1927,34):
      or       '_Ty &std::vector<_Ty,_Alloc>::operator [](const allocator_traits<allocator_traits<_Alloc>::rebind_alloc<_Ty>>::size_type) noexcept'
          C:\Users\visne\OneDrive\Documents\Library system\Repo folder\Library system.cpp(122,21):
          '_Ty &std::vector<_Ty,_Alloc>::operator [](const allocator_traits<allocator_traits<_Alloc>::rebind_alloc<_Ty>>::size_type) noexcept': cannot convert 'this' pointer from 'std::vector' to 'std::vector<_Ty,_Alloc> &'
              C:\Users\visne\OneDrive\Documents\Library system\Repo folder\Library system.cpp(122,21):
              Reason: cannot convert from 'std::vector' to 'std::vector<_Ty,_Alloc>'
              C:\Users\visne\OneDrive\Documents\Library system\Repo folder\Library system.cpp(122,21):
              Conversion requires a second user-defined-conversion operator or constructor
      C:\Users\visne\OneDrive\Documents\Library system\Repo folder\Library system.cpp(122,21):
      while trying to match the argument list '(std::vector, int)'
  
C:\Users\visne\OneDrive\Documents\Library system\Repo folder\Library system.cpp(123,38): error C2678: binary '[': no operator found which takes a left-hand operand of type 'std::vector' (or there is no acceptable conversion)
      C:\Program Files\Microsoft Visual Studio\18\Community\VC\Tools\MSVC\14.50.35717\include\vector(1937,40):
      could be 'const _Ty &std::vector<_Ty,_Alloc>::operator [](const allocator_traits<allocator_traits<_Alloc>::rebind_alloc<_Ty>>::size_type) noexcept const'
          C:\Users\visne\OneDrive\Documents\Library system\Repo folder\Library system.cpp(123,38):
          'const _Ty &std::vector<_Ty,_Alloc>::operator [](const allocator_traits<allocator_traits<_Alloc>::rebind_alloc<_Ty>>::size_type) noexcept const': cannot convert 'this' pointer from 'std::vector' to 'const std::vector<_Ty,_Alloc> &'
              C:\Users\visne\OneDrive\Documents\Library system\Repo folder\Library system.cpp(123,38):
              Reason: cannot convert from 'std::vector' to 'const std::vector<_Ty,_Alloc>'
              C:\Users\visne\OneDrive\Documents\Library system\Repo folder\Library system.cpp(123,38):
              Conversion requires a second user-defined-conversion operator or constructor
      C:\Program Files\Microsoft Visual Studio\18\Community\VC\Tools\MSVC\14.50.35717\include\vector(1927,34):
      or       '_Ty &std::vector<_Ty,_Alloc>::operator [](const allocator_traits<allocator_traits<_Alloc>::rebind_alloc<_Ty>>::size_type) noexcept'
          C:\Users\visne\OneDrive\Documents\Library system\Repo folder\Library system.cpp(123,38):
          '_Ty &std::vector<_Ty,_Alloc>::operator [](const allocator_traits<allocator_traits<_Alloc>::rebind_alloc<_Ty>>::size_type) noexcept': cannot convert 'this' pointer from 'std::vector' to 'std::vector<_Ty,_Alloc> &'
              C:\Users\visne\OneDrive\Documents\Library system\Repo folder\Library system.cpp(123,38):
              Reason: cannot convert from 'std::vector' to 'std::vector<_Ty,_Alloc>'
              C:\Users\visne\OneDrive\Documents\Library system\Repo folder\Library system.cpp(123,38):
              Conversion requires a second user-defined-conversion operator or constructor
      C:\Users\visne\OneDrive\Documents\Library system\Repo folder\Library system.cpp(123,38):
      while trying to match the argument list '(std::vector, int)'
  
C:\Users\visne\OneDrive\Documents\Library system\Repo folder\Library system.cpp(124,53): error C2678: binary '[': no operator found which takes a left-hand operand of type 'std::vector' (or there is no acceptable conversion)
      C:\Program Files\Microsoft Visual Studio\18\Community\VC\Tools\MSVC\14.50.35717\include\vector(1937,40):
      could be 'const _Ty &std::vector<_Ty,_Alloc>::operator [](const allocator_traits<allocator_traits<_Alloc>::rebind_alloc<_Ty>>::size_type) noexcept const'
          C:\Users\visne\OneDrive\Documents\Library system\Repo folder\Library system.cpp(124,53):
          'const _Ty &std::vector<_Ty,_Alloc>::operator [](const allocator_traits<allocator_traits<_Alloc>::rebind_alloc<_Ty>>::size_type) noexcept const': cannot convert 'this' pointer from 'std::vector' to 'const std::vector<_Ty,_Alloc> &'
              C:\Users\visne\OneDrive\Documents\Library system\Repo folder\Library system.cpp(124,53):
              Reason: cannot convert from 'std::vector' to 'const std::vector<_Ty,_Alloc>'
              C:\Users\visne\OneDrive\Documents\Library system\Repo folder\Library system.cpp(124,53):
              Conversion requires a second user-defined-conversion operator or constructor
      C:\Program Files\Microsoft Visual Studio\18\Community\VC\Tools\MSVC\14.50.35717\include\vector(1927,34):
      or       '_Ty &std::vector<_Ty,_Alloc>::operator [](const allocator_traits<allocator_traits<_Alloc>::rebind_alloc<_Ty>>::size_type) noexcept'
          C:\Users\visne\OneDrive\Documents\Library system\Repo folder\Library system.cpp(124,53):
          '_Ty &std::vector<_Ty,_Alloc>::operator [](const allocator_traits<allocator_traits<_Alloc>::rebind_alloc<_Ty>>::size_type) noexcept': cannot convert 'this' pointer from 'std::vector' to 'std::vector<_Ty,_Alloc> &'
              C:\Users\visne\OneDrive\Documents\Library system\Repo folder\Library system.cpp(124,53):
              Reason: cannot convert from 'std::vector' to 'std::vector<_Ty,_Alloc>'
              C:\Users\visne\OneDrive\Documents\Library system\Repo folder\Library system.cpp(124,53):
              Conversion requires a second user-defined-conversion operator or constructor
      C:\Users\visne\OneDrive\Documents\Library system\Repo folder\Library system.cpp(124,53):
      while trying to match the argument list '(std::vector, int)'
  
C:\Users\visne\OneDrive\Documents\Library system\Repo folder\Library system.cpp(237,27): warning C4018: '<': signed/unsigned mismatch
C:\Users\visne\OneDrive\Documents\Library system\Repo folder\Library system.cpp(248,26): warning C4018: '<': signed/unsigned mismatch
C:\Users\visne\OneDrive\Documents\Library system\Repo folder\Library system.cpp(285,22): warning C4018: '<': signed/unsigned mismatch
C:\Users\visne\OneDrive\Documents\Library system\Repo folder\Library system.cpp(291,22): warning C4018: '<': signed/unsigned mismatch
C:\Users\visne\OneDrive\Documents\Library system\Repo folder\Library system.cpp(341,25): error C2664: 'void Member::checkNotifications(std::vector &)': cannot convert argument 1 from 'std::vector<Book,std::allocator<Book>>' to 'std::vector &'
      C:\Users\visne\OneDrive\Documents\Library system\Repo folder\Library system.cpp(120,14):
      see declaration of 'Member::checkNotifications'
      C:\Users\visne\OneDrive\Documents\Library system\Repo folder\Library system.cpp(341,25):
      while trying to match the argument list '(std::vector<Book,std::allocator<Book>>)'
  
C:\Users\visne\OneDrive\Documents\Library system\Repo folder\Library system.cpp(346,42): error C2664: 'void Member::searchBook(std::vector &)': cannot convert argument 1 from 'std::vector<Book,std::allocator<Book>>' to 'std::vector &'
      C:\Users\visne\OneDrive\Documents\Library system\Repo folder\Library system.cpp(47,14):
      see declaration of 'Member::searchBook'
      C:\Users\visne\OneDrive\Documents\Library system\Repo folder\Library system.cpp(346,42):
      while trying to match the argument list '(std::vector<Book,std::allocator<Book>>)'
  
C:\Users\visne\OneDrive\Documents\Library system\Repo folder\Library system.cpp(347,47): error C2664: 'void Member::borrowBook(std::vector &,int)': cannot convert argument 1 from 'std::vector<Book,std::allocator<Book>>' to 'std::vector &'
      C:\Users\visne\OneDrive\Documents\Library system\Repo folder\Library system.cpp(64,14):
      see declaration of 'Member::borrowBook'
      C:\Users\visne\OneDrive\Documents\Library system\Repo folder\Library system.cpp(347,47):
      while trying to match the argument list '(std::vector<Book,std::allocator<Book>>, int)'
  
C:\Users\visne\OneDrive\Documents\Library system\Repo folder\Library system.cpp(348,47): error C2664: 'void Member::returnBook(std::vector &)': cannot convert argument 1 from 'std::vector<Book,std::allocator<Book>>' to 'std::vector &'
      C:\Users\visne\OneDrive\Documents\Library system\Repo folder\Library system.cpp(87,14):
      see declaration of 'Member::returnBook'
      C:\Users\visne\OneDrive\Documents\Library system\Repo folder\Library system.cpp(348,47):
      while trying to match the argument list '(std::vector<Book,std::allocator<Book>>)'
  
C:\Users\visne\OneDrive\Documents\Library system\Repo folder\Library system.cpp(349,47): error C2664: 'void Member::reserveBook(std::vector &)': cannot convert argument 1 from 'std::vector<Book,std::allocator<Book>>' to 'std::vector &'
      C:\Users\visne\OneDrive\Documents\Library system\Repo folder\Library system.cpp(103,14):
      see declaration of 'Member::reserveBook'
      C:\Users\visne\OneDrive\Documents\Library system\Repo folder\Library system.cpp(349,47):
      while trying to match the argument list '(std::vector<Book,std::allocator<Book>>)'
  
